2016-06-13 08:09:36,641 - [INFO] - from play in pool-4-thread-6 
Listening for HTTP on /0:0:0:0:0:0:0:0:9000

2016-06-13 08:10:19,575 - [INFO] - from application in play-internal-execution-context-1 
Application started!

2016-06-13 08:10:20,572 - [DEBUG] - from application in play-internal-execution-context-1 
** Morphia datastore: ro

2016-06-13 08:10:20,573 - [INFO] - from application in play-internal-execution-context-1 
Connected to Database!

2016-06-13 08:10:20,748 - [INFO] - from play in play-internal-execution-context-1 
Application started (Dev)

2016-06-13 08:12:56,621 - [INFO] - from application in play-internal-execution-context-3 
Application started!

2016-06-13 08:12:57,284 - [DEBUG] - from application in play-internal-execution-context-3 
** Morphia datastore: ro

2016-06-13 08:12:57,285 - [INFO] - from application in play-internal-execution-context-3 
Connected to Database!

2016-06-13 08:12:57,418 - [WARN] - from application in play-internal-execution-context-3 
A user service was already registered - replacing the old one (service.MyUserServicePlugin) with the new one (service.MyUserServicePlugin), however this might hint to a configuration problem if this is a production environment.

2016-06-13 08:12:57,419 - [INFO] - from play in play-internal-execution-context-3 
Application started (Dev)

2016-06-13 08:13:44,684 - [INFO] - from application in play-internal-execution-context-6 
Application started!

2016-06-13 08:13:45,347 - [DEBUG] - from application in play-internal-execution-context-6 
** Morphia datastore: ro

2016-06-13 08:13:45,350 - [INFO] - from application in play-internal-execution-context-6 
Connected to Database!

2016-06-13 08:13:45,480 - [WARN] - from application in play-internal-execution-context-6 
A user service was already registered - replacing the old one (service.MyUserServicePlugin) with the new one (service.MyUserServicePlugin), however this might hint to a configuration problem if this is a production environment.

2016-06-13 08:13:45,483 - [INFO] - from play in play-internal-execution-context-6 
Application started (Dev)

2016-06-13 08:14:20,866 - [INFO] - from application in play-internal-execution-context-6 
Application started!

2016-06-13 08:14:21,512 - [DEBUG] - from application in play-internal-execution-context-6 
** Morphia datastore: ro

2016-06-13 08:14:21,512 - [INFO] - from application in play-internal-execution-context-6 
Connected to Database!

2016-06-13 08:14:21,639 - [WARN] - from application in play-internal-execution-context-6 
A user service was already registered - replacing the old one (service.MyUserServicePlugin) with the new one (service.MyUserServicePlugin), however this might hint to a configuration problem if this is a production environment.

2016-06-13 08:14:21,641 - [INFO] - from play in play-internal-execution-context-6 
Application started (Dev)

2016-06-13 08:14:45,064 - [INFO] - from application in play-internal-execution-context-6 
Application started!

2016-06-13 08:14:45,719 - [DEBUG] - from application in play-internal-execution-context-6 
** Morphia datastore: ro

2016-06-13 08:14:45,719 - [INFO] - from application in play-internal-execution-context-6 
Connected to Database!

2016-06-13 08:14:45,849 - [WARN] - from application in play-internal-execution-context-6 
A user service was already registered - replacing the old one (service.MyUserServicePlugin) with the new one (service.MyUserServicePlugin), however this might hint to a configuration problem if this is a production environment.

2016-06-13 08:14:45,850 - [INFO] - from play in play-internal-execution-context-6 
Application started (Dev)

